{"D:\\Universidad\\Máster Informática\\Segundo\\Computacion Avanzada\\oop-ale-ivan\\src\\textcell.js":{"path":"D:\\Universidad\\Máster Informática\\Segundo\\Computacion Avanzada\\oop-ale-ivan\\src\\textcell.js","s":{"1":75,"2":1,"3":74,"4":74,"5":74,"6":128,"7":25,"8":40,"9":1,"10":38,"11":40,"12":41,"13":61,"14":61,"15":272,"16":61,"17":23,"18":23,"19":45,"20":45,"21":23,"22":1},"b":{"1":[1,74],"2":[75,22,20],"3":[45,8]},"f":{"1":75,"2":128,"3":25,"4":40,"5":1,"6":38,"7":41,"8":61,"9":23},"fnMap":{"1":{"name":"(anonymous_1)","line":3,"loc":{"start":{"line":3,"column":13},"end":{"line":3,"column":32}}},"2":{"name":"(anonymous_2)","line":12,"loc":{"start":{"line":12,"column":17},"end":{"line":12,"column":20}}},"3":{"name":"(anonymous_3)","line":15,"loc":{"start":{"line":15,"column":19},"end":{"line":15,"column":22}}},"4":{"name":"(anonymous_4)","line":18,"loc":{"start":{"line":18,"column":18},"end":{"line":18,"column":21}}},"5":{"name":"(anonymous_5)","line":21,"loc":{"start":{"line":21,"column":24},"end":{"line":21,"column":27}}},"6":{"name":"(anonymous_6)","line":24,"loc":{"start":{"line":24,"column":14},"end":{"line":24,"column":17}}},"7":{"name":"(anonymous_7)","line":29,"loc":{"start":{"line":29,"column":15},"end":{"line":29,"column":18}}},"8":{"name":"(anonymous_8)","line":32,"loc":{"start":{"line":32,"column":8},"end":{"line":32,"column":24}}},"9":{"name":"(anonymous_9)","line":39,"loc":{"start":{"line":39,"column":6},"end":{"line":39,"column":22}}}},"statementMap":{"1":{"start":{"line":4,"column":4},"end":{"line":7,"column":5}},"2":{"start":{"line":6,"column":6},"end":{"line":6,"column":44}},"3":{"start":{"line":8,"column":4},"end":{"line":8,"column":21}},"4":{"start":{"line":9,"column":4},"end":{"line":9,"column":23}},"5":{"start":{"line":10,"column":4},"end":{"line":10,"column":33}},"6":{"start":{"line":13,"column":4},"end":{"line":13,"column":14}},"7":{"start":{"line":16,"column":4},"end":{"line":16,"column":13}},"8":{"start":{"line":19,"column":4},"end":{"line":19,"column":13}},"9":{"start":{"line":22,"column":4},"end":{"line":22,"column":64}},"10":{"start":{"line":25,"column":4},"end":{"line":27,"column":10}},"11":{"start":{"line":26,"column":6},"end":{"line":26,"column":42}},"12":{"start":{"line":30,"column":4},"end":{"line":30,"column":28}},"13":{"start":{"line":33,"column":4},"end":{"line":33,"column":20}},"14":{"start":{"line":34,"column":4},"end":{"line":36,"column":5}},"15":{"start":{"line":35,"column":6},"end":{"line":35,"column":23}},"16":{"start":{"line":37,"column":4},"end":{"line":37,"column":18}},"17":{"start":{"line":40,"column":4},"end":{"line":40,"column":20}},"18":{"start":{"line":41,"column":4},"end":{"line":44,"column":5}},"19":{"start":{"line":42,"column":6},"end":{"line":42,"column":37}},"20":{"start":{"line":43,"column":6},"end":{"line":43,"column":64}},"21":{"start":{"line":45,"column":4},"end":{"line":45,"column":18}},"22":{"start":{"line":49,"column":0},"end":{"line":49,"column":26}}},"branchMap":{"1":{"line":4,"type":"if","locations":[{"start":{"line":4,"column":4},"end":{"line":4,"column":4}},{"start":{"line":4,"column":4},"end":{"line":4,"column":4}}]},"2":{"line":4,"type":"binary-expr","locations":[{"start":{"line":4,"column":7},"end":{"line":4,"column":30}},{"start":{"line":4,"column":34},"end":{"line":4,"column":59}},{"start":{"line":5,"column":9},"end":{"line":5,"column":33}}]},"3":{"line":42,"type":"binary-expr","locations":[{"start":{"line":42,"column":17},"end":{"line":42,"column":29}},{"start":{"line":42,"column":33},"end":{"line":42,"column":36}}]}}},"D:\\Universidad\\Máster Informática\\Segundo\\Computacion Avanzada\\oop-ale-ivan\\src\\underlinedcell.js":{"path":"D:\\Universidad\\Máster Informática\\Segundo\\Computacion Avanzada\\oop-ale-ivan\\src\\underlinedcell.js","s":{"1":1,"2":19,"3":5,"4":5,"5":4,"6":1},"b":{},"f":{"1":19,"2":5,"3":4},"fnMap":{"1":{"name":"(anonymous_1)","line":3,"loc":{"start":{"line":3,"column":13},"end":{"line":3,"column":27}}},"2":{"name":"(anonymous_2)","line":7,"loc":{"start":{"line":7,"column":15},"end":{"line":7,"column":18}}},"3":{"name":"(anonymous_3)","line":11,"loc":{"start":{"line":11,"column":6},"end":{"line":11,"column":22}}}},"statementMap":{"1":{"start":{"line":1,"column":0},"end":{"line":1,"column":42}},"2":{"start":{"line":4,"column":4},"end":{"line":4,"column":37}},"3":{"start":{"line":8,"column":4},"end":{"line":8,"column":33}},"4":{"start":{"line":9,"column":4},"end":{"line":9,"column":31}},"5":{"start":{"line":12,"column":4},"end":{"line":12,"column":76}},"6":{"start":{"line":16,"column":0},"end":{"line":16,"column":32}}},"branchMap":{}},"D:\\Universidad\\Máster Informática\\Segundo\\Computacion Avanzada\\oop-ale-ivan\\src\\rtextcell.js":{"path":"D:\\Universidad\\Máster Informática\\Segundo\\Computacion Avanzada\\oop-ale-ivan\\src\\rtextcell.js","s":{"1":1,"2":17,"3":9,"4":9,"5":11,"6":11,"7":9,"8":1},"b":{"1":[11,2]},"f":{"1":17,"2":9},"fnMap":{"1":{"name":"(anonymous_1)","line":4,"loc":{"start":{"line":4,"column":13},"end":{"line":4,"column":20}}},"2":{"name":"(anonymous_2)","line":8,"loc":{"start":{"line":8,"column":6},"end":{"line":8,"column":22}}}},"statementMap":{"1":{"start":{"line":1,"column":0},"end":{"line":1,"column":42}},"2":{"start":{"line":5,"column":4},"end":{"line":5,"column":42}},"3":{"start":{"line":9,"column":4},"end":{"line":9,"column":20}},"4":{"start":{"line":10,"column":4},"end":{"line":13,"column":5}},"5":{"start":{"line":11,"column":6},"end":{"line":11,"column":36}},"6":{"start":{"line":12,"column":6},"end":{"line":12,"column":65}},"7":{"start":{"line":14,"column":4},"end":{"line":14,"column":18}},"8":{"start":{"line":18,"column":0},"end":{"line":18,"column":27}}},"branchMap":{"1":{"line":11,"type":"binary-expr","locations":[{"start":{"line":11,"column":17},"end":{"line":11,"column":29}},{"start":{"line":11,"column":33},"end":{"line":11,"column":35}}]}}},"D:\\Universidad\\Máster Informática\\Segundo\\Computacion Avanzada\\oop-ale-ivan\\src\\stretchcell.js":{"path":"D:\\Universidad\\Máster Informática\\Segundo\\Computacion Avanzada\\oop-ale-ivan\\src\\stretchcell.js","s":{"1":1,"2":2,"3":2,"4":2,"5":2,"6":1,"7":1,"8":1,"9":1,"10":0,"11":2,"12":0,"13":2,"14":0,"15":2,"16":2,"17":0,"18":1},"b":{"1":[1,1],"2":[1,0],"3":[0,2],"4":[2,0],"5":[0,2],"6":[2,0]},"f":{"1":2,"2":2,"3":1,"4":2},"fnMap":{"1":{"name":"(anonymous_1)","line":3,"loc":{"start":{"line":3,"column":13},"end":{"line":3,"column":35}}},"2":{"name":"(anonymous_2)","line":9,"loc":{"start":{"line":9,"column":14},"end":{"line":9,"column":17}}},"3":{"name":"(anonymous_3)","line":16,"loc":{"start":{"line":16,"column":15},"end":{"line":16,"column":18}}},"4":{"name":"(anonymous_4)","line":23,"loc":{"start":{"line":23,"column":6},"end":{"line":23,"column":22}}}},"statementMap":{"1":{"start":{"line":1,"column":0},"end":{"line":1,"column":42}},"2":{"start":{"line":4,"column":4},"end":{"line":4,"column":48}},"3":{"start":{"line":5,"column":4},"end":{"line":5,"column":23}},"4":{"start":{"line":6,"column":4},"end":{"line":6,"column":25}},"5":{"start":{"line":10,"column":4},"end":{"line":13,"column":28}},"6":{"start":{"line":11,"column":6},"end":{"line":11,"column":24}},"7":{"start":{"line":13,"column":6},"end":{"line":13,"column":28}},"8":{"start":{"line":17,"column":4},"end":{"line":20,"column":29}},"9":{"start":{"line":18,"column":6},"end":{"line":18,"column":25}},"10":{"start":{"line":20,"column":6},"end":{"line":20,"column":29}},"11":{"start":{"line":25,"column":4},"end":{"line":33,"column":39}},"12":{"start":{"line":26,"column":6},"end":{"line":26,"column":49}},"13":{"start":{"line":28,"column":9},"end":{"line":33,"column":39}},"14":{"start":{"line":29,"column":6},"end":{"line":29,"column":44}},"15":{"start":{"line":30,"column":9},"end":{"line":33,"column":39}},"16":{"start":{"line":31,"column":6},"end":{"line":31,"column":44}},"17":{"start":{"line":33,"column":6},"end":{"line":33,"column":39}},"18":{"start":{"line":37,"column":0},"end":{"line":37,"column":29}}},"branchMap":{"1":{"line":10,"type":"if","locations":[{"start":{"line":10,"column":4},"end":{"line":10,"column":4}},{"start":{"line":10,"column":4},"end":{"line":10,"column":4}}]},"2":{"line":17,"type":"if","locations":[{"start":{"line":17,"column":4},"end":{"line":17,"column":4}},{"start":{"line":17,"column":4},"end":{"line":17,"column":4}}]},"3":{"line":25,"type":"if","locations":[{"start":{"line":25,"column":4},"end":{"line":25,"column":4}},{"start":{"line":25,"column":4},"end":{"line":25,"column":4}}]},"4":{"line":25,"type":"binary-expr","locations":[{"start":{"line":25,"column":7},"end":{"line":25,"column":27}},{"start":{"line":25,"column":31},"end":{"line":25,"column":49}}]},"5":{"line":28,"type":"if","locations":[{"start":{"line":28,"column":9},"end":{"line":28,"column":9}},{"start":{"line":28,"column":9},"end":{"line":28,"column":9}}]},"6":{"line":30,"type":"if","locations":[{"start":{"line":30,"column":9},"end":{"line":30,"column":9}},{"start":{"line":30,"column":9},"end":{"line":30,"column":9}}]}}},"D:\\Universidad\\Máster Informática\\Segundo\\Computacion Avanzada\\oop-ale-ivan\\src\\Tabla.js":{"path":"D:\\Universidad\\Máster Informática\\Segundo\\Computacion Avanzada\\oop-ale-ivan\\src\\Tabla.js","s":{"1":1,"2":1,"3":1,"4":1,"5":1,"6":1,"7":3,"8":27,"9":1,"10":1,"11":9,"12":27,"13":1,"14":2,"15":2,"16":6,"17":18,"18":2,"19":2,"20":16,"21":48,"22":48,"23":16,"24":32,"25":0,"26":0,"27":32,"28":2,"29":1,"30":1,"31":1,"32":1,"33":12,"34":36,"35":1,"36":9,"37":27,"38":9,"39":12,"40":1,"41":1},"b":{"1":[16,32],"2":[0,32]},"f":{"1":3,"2":27,"3":9,"4":27,"5":6,"6":18,"7":16,"8":48,"9":36,"10":27,"11":12},"fnMap":{"1":{"name":"(anonymous_1)","line":7,"loc":{"start":{"line":7,"column":24},"end":{"line":7,"column":39}}},"2":{"name":"(anonymous_2)","line":8,"loc":{"start":{"line":8,"column":26},"end":{"line":8,"column":45}}},"3":{"name":"(anonymous_3)","line":15,"loc":{"start":{"line":15,"column":19},"end":{"line":15,"column":33}}},"4":{"name":"(anonymous_4)","line":16,"loc":{"start":{"line":16,"column":22},"end":{"line":16,"column":42}}},"5":{"name":"(anonymous_5)","line":24,"loc":{"start":{"line":24,"column":30},"end":{"line":24,"column":50}}},"6":{"name":"(anonymous_6)","line":25,"loc":{"start":{"line":25,"column":22},"end":{"line":25,"column":42}}},"7":{"name":"(anonymous_7)","line":31,"loc":{"start":{"line":31,"column":25},"end":{"line":31,"column":40}}},"8":{"name":"(anonymous_8)","line":32,"loc":{"start":{"line":32,"column":22},"end":{"line":32,"column":34}}},"9":{"name":"(anonymous_9)","line":51,"loc":{"start":{"line":51,"column":25},"end":{"line":51,"column":40}}},"10":{"name":"(anonymous_10)","line":57,"loc":{"start":{"line":57,"column":31},"end":{"line":57,"column":58}}},"11":{"name":"(anonymous_11)","line":60,"loc":{"start":{"line":60,"column":30},"end":{"line":60,"column":50}}}},"statementMap":{"1":{"start":{"line":1,"column":0},"end":{"line":1,"column":44}},"2":{"start":{"line":2,"column":0},"end":{"line":2,"column":56}},"3":{"start":{"line":3,"column":0},"end":{"line":3,"column":46}},"4":{"start":{"line":4,"column":0},"end":{"line":4,"column":50}},"5":{"start":{"line":6,"column":0},"end":{"line":12,"column":2}},"6":{"start":{"line":7,"column":4},"end":{"line":11,"column":7}},"7":{"start":{"line":8,"column":6},"end":{"line":10,"column":12}},"8":{"start":{"line":9,"column":8},"end":{"line":9,"column":46}},"9":{"start":{"line":14,"column":0},"end":{"line":20,"column":2}},"10":{"start":{"line":15,"column":2},"end":{"line":19,"column":3}},"11":{"start":{"line":16,"column":4},"end":{"line":18,"column":10}},"12":{"start":{"line":17,"column":6},"end":{"line":17,"column":43}},"13":{"start":{"line":22,"column":2},"end":{"line":45,"column":4}},"14":{"start":{"line":23,"column":4},"end":{"line":23,"column":36}},"15":{"start":{"line":24,"column":4},"end":{"line":28,"column":7}},"16":{"start":{"line":25,"column":6},"end":{"line":27,"column":11}},"17":{"start":{"line":26,"column":8},"end":{"line":26,"column":71}},"18":{"start":{"line":30,"column":4},"end":{"line":30,"column":41}},"19":{"start":{"line":31,"column":4},"end":{"line":43,"column":7}},"20":{"start":{"line":32,"column":6},"end":{"line":42,"column":9}},"21":{"start":{"line":33,"column":8},"end":{"line":33,"column":28}},"22":{"start":{"line":34,"column":8},"end":{"line":41,"column":7}},"23":{"start":{"line":35,"column":10},"end":{"line":35,"column":51}},"24":{"start":{"line":36,"column":15},"end":{"line":41,"column":7}},"25":{"start":{"line":37,"column":10},"end":{"line":37,"column":107}},"26":{"start":{"line":38,"column":10},"end":{"line":38,"column":67}},"27":{"start":{"line":40,"column":10},"end":{"line":40,"column":67}},"28":{"start":{"line":44,"column":4},"end":{"line":44,"column":36}},"29":{"start":{"line":47,"column":2},"end":{"line":65,"column":3}},"30":{"start":{"line":48,"column":4},"end":{"line":48,"column":33}},"31":{"start":{"line":49,"column":4},"end":{"line":49,"column":35}},"32":{"start":{"line":50,"column":4},"end":{"line":54,"column":6}},"33":{"start":{"line":51,"column":8},"end":{"line":53,"column":21}},"34":{"start":{"line":52,"column":10},"end":{"line":52,"column":35}},"35":{"start":{"line":56,"column":4},"end":{"line":63,"column":5}},"36":{"start":{"line":57,"column":8},"end":{"line":59,"column":11}},"37":{"start":{"line":58,"column":12},"end":{"line":58,"column":66}},"38":{"start":{"line":60,"column":8},"end":{"line":62,"column":22}},"39":{"start":{"line":61,"column":10},"end":{"line":61,"column":47}},"40":{"start":{"line":64,"column":4},"end":{"line":64,"column":46}},"41":{"start":{"line":66,"column":2},"end":{"line":66,"column":31}}},"branchMap":{"1":{"line":34,"type":"if","locations":[{"start":{"line":34,"column":8},"end":{"line":34,"column":8}},{"start":{"line":34,"column":8},"end":{"line":34,"column":8}}]},"2":{"line":36,"type":"if","locations":[{"start":{"line":36,"column":15},"end":{"line":36,"column":15}},{"start":{"line":36,"column":15},"end":{"line":36,"column":15}}]}}}}