{"D:\\Universidad\\Máster Informática\\Segundo\\Computacion Avanzada\\oop-ale-ivan\\src\\textcell.js":{"path":"D:\\Universidad\\Máster Informática\\Segundo\\Computacion Avanzada\\oop-ale-ivan\\src\\textcell.js","s":{"1":4,"2":1,"3":3,"4":3,"5":3,"6":7,"7":2,"8":2,"9":1,"10":4,"11":4,"12":7,"13":16,"14":16,"15":15,"16":16,"17":2,"18":2,"19":14,"20":14,"21":2,"22":1},"b":{"1":[1,3],"2":[4,1,1],"3":[14,0]},"f":{"1":4,"2":7,"3":2,"4":2,"5":1,"6":4,"7":7,"8":16,"9":2},"fnMap":{"1":{"name":"(anonymous_1)","line":2,"loc":{"start":{"line":2,"column":13},"end":{"line":2,"column":32}}},"2":{"name":"(anonymous_2)","line":11,"loc":{"start":{"line":11,"column":17},"end":{"line":11,"column":20}}},"3":{"name":"(anonymous_3)","line":14,"loc":{"start":{"line":14,"column":19},"end":{"line":14,"column":22}}},"4":{"name":"(anonymous_4)","line":17,"loc":{"start":{"line":17,"column":18},"end":{"line":17,"column":21}}},"5":{"name":"(anonymous_5)","line":20,"loc":{"start":{"line":20,"column":24},"end":{"line":20,"column":27}}},"6":{"name":"(anonymous_6)","line":23,"loc":{"start":{"line":23,"column":14},"end":{"line":23,"column":17}}},"7":{"name":"(anonymous_7)","line":28,"loc":{"start":{"line":28,"column":15},"end":{"line":28,"column":18}}},"8":{"name":"(anonymous_8)","line":31,"loc":{"start":{"line":31,"column":8},"end":{"line":31,"column":24}}},"9":{"name":"(anonymous_9)","line":38,"loc":{"start":{"line":38,"column":6},"end":{"line":38,"column":22}}}},"statementMap":{"1":{"start":{"line":3,"column":4},"end":{"line":6,"column":5}},"2":{"start":{"line":5,"column":6},"end":{"line":5,"column":44}},"3":{"start":{"line":7,"column":4},"end":{"line":7,"column":21}},"4":{"start":{"line":8,"column":4},"end":{"line":8,"column":23}},"5":{"start":{"line":9,"column":4},"end":{"line":9,"column":33}},"6":{"start":{"line":12,"column":4},"end":{"line":12,"column":14}},"7":{"start":{"line":15,"column":4},"end":{"line":15,"column":13}},"8":{"start":{"line":18,"column":4},"end":{"line":18,"column":13}},"9":{"start":{"line":21,"column":4},"end":{"line":21,"column":64}},"10":{"start":{"line":24,"column":4},"end":{"line":26,"column":10}},"11":{"start":{"line":25,"column":6},"end":{"line":25,"column":42}},"12":{"start":{"line":29,"column":4},"end":{"line":29,"column":28}},"13":{"start":{"line":32,"column":4},"end":{"line":32,"column":20}},"14":{"start":{"line":33,"column":4},"end":{"line":35,"column":5}},"15":{"start":{"line":34,"column":6},"end":{"line":34,"column":23}},"16":{"start":{"line":36,"column":4},"end":{"line":36,"column":18}},"17":{"start":{"line":39,"column":4},"end":{"line":39,"column":20}},"18":{"start":{"line":40,"column":4},"end":{"line":43,"column":5}},"19":{"start":{"line":41,"column":6},"end":{"line":41,"column":37}},"20":{"start":{"line":42,"column":6},"end":{"line":42,"column":64}},"21":{"start":{"line":44,"column":4},"end":{"line":44,"column":18}},"22":{"start":{"line":48,"column":0},"end":{"line":48,"column":26}}},"branchMap":{"1":{"line":3,"type":"if","locations":[{"start":{"line":3,"column":4},"end":{"line":3,"column":4}},{"start":{"line":3,"column":4},"end":{"line":3,"column":4}}]},"2":{"line":3,"type":"binary-expr","locations":[{"start":{"line":3,"column":7},"end":{"line":3,"column":30}},{"start":{"line":3,"column":34},"end":{"line":3,"column":59}},{"start":{"line":4,"column":9},"end":{"line":4,"column":33}}]},"3":{"line":41,"type":"binary-expr","locations":[{"start":{"line":41,"column":17},"end":{"line":41,"column":29}},{"start":{"line":41,"column":33},"end":{"line":41,"column":36}}]}}},"D:\\Universidad\\Máster Informática\\Segundo\\Computacion Avanzada\\oop-ale-ivan\\src\\underlinedcell.js":{"path":"D:\\Universidad\\Máster Informática\\Segundo\\Computacion Avanzada\\oop-ale-ivan\\src\\underlinedcell.js","s":{"1":1,"2":1,"3":2,"4":2,"5":1,"6":1},"b":{},"f":{"1":1,"2":2,"3":1},"fnMap":{"1":{"name":"(anonymous_1)","line":3,"loc":{"start":{"line":3,"column":13},"end":{"line":3,"column":27}}},"2":{"name":"(anonymous_2)","line":7,"loc":{"start":{"line":7,"column":15},"end":{"line":7,"column":18}}},"3":{"name":"(anonymous_3)","line":11,"loc":{"start":{"line":11,"column":6},"end":{"line":11,"column":22}}}},"statementMap":{"1":{"start":{"line":1,"column":0},"end":{"line":1,"column":42}},"2":{"start":{"line":4,"column":4},"end":{"line":4,"column":37}},"3":{"start":{"line":8,"column":4},"end":{"line":8,"column":33}},"4":{"start":{"line":9,"column":4},"end":{"line":9,"column":31}},"5":{"start":{"line":12,"column":4},"end":{"line":12,"column":76}},"6":{"start":{"line":16,"column":0},"end":{"line":16,"column":32}}},"branchMap":{}}}