TN:
SF:/home/ubuntu/workspace/testing_npm_module_marreA/oop-ale-ivan/src/textcell.js
FN:10,(anonymous_1)
FN:19,(anonymous_2)
FN:29,(anonymous_3)
FN:38,(anonymous_4)
FN:52,(anonymous_5)
FNF:5
FNH:5
FNDA:74,(anonymous_1)
FNDA:37,(anonymous_2)
FNDA:41,(anonymous_3)
FNDA:61,(anonymous_4)
FNDA:23,(anonymous_5)
DA:11,74
DA:12,74
DA:20,37
DA:21,39
DA:30,41
DA:39,61
DA:40,61
DA:41,272
DA:43,61
DA:53,23
DA:54,23
DA:55,45
DA:56,45
DA:58,23
DA:61,1
DA:62,1
DA:63,1
DA:64,1
LF:18
LH:18
BRDA:55,1,0,45
BRDA:55,1,1,8
BRF:2
BRH:2
end_of_record
TN:
SF:/home/ubuntu/workspace/testing_npm_module_marreA/oop-ale-ivan/src/registry-class.js
FNF:0
FNH:0
DA:1,1
DA:2,1
DA:4,1
DA:5,5
DA:6,1
DA:7,48
DA:8,48
DA:9,48
DA:10,0
DA:12,48
DA:13,48
DA:14,48
DA:17,0
DA:18,0
DA:19,0
DA:20,0
DA:23,0
DA:27,48
DA:29,1
LF:19
LH:13
BRDA:4,1,0,1
BRDA:4,1,1,1
BRDA:9,2,0,0
BRDA:9,2,1,48
BRDA:13,3,0,48
BRDA:13,3,1,0
BRDA:13,4,0,48
BRDA:13,4,1,32
BRDA:17,5,0,0
BRDA:17,5,1,0
BRDA:18,6,0,0
BRDA:18,6,1,0
BRDA:18,7,0,0
BRDA:18,7,1,0
BRF:14
BRH:6
end_of_record
TN:
SF:/home/ubuntu/workspace/testing_npm_module_marreA/oop-ale-ivan/src/underlinedcell.js
FN:10,(anonymous_1)
FN:18,(anonymous_2)
FN:29,(anonymous_3)
FNF:3
FNH:3
FNDA:19,(anonymous_1)
FNDA:5,(anonymous_2)
FNDA:4,(anonymous_3)
DA:1,1
DA:11,19
DA:19,5
DA:20,5
DA:30,4
DA:34,1
LF:6
LH:6
BRF:0
BRH:0
end_of_record
TN:
SF:/home/ubuntu/workspace/testing_npm_module_marreA/oop-ale-ivan/src/rtextcell.js
FN:12,(anonymous_1)
FN:21,(anonymous_2)
FNF:2
FNH:2
FNDA:17,(anonymous_1)
FNDA:9,(anonymous_2)
DA:1,1
DA:13,17
DA:22,9
DA:23,9
DA:24,11
DA:25,11
DA:27,9
DA:30,1
DA:31,1
DA:32,1
DA:33,1
LF:11
LH:11
BRDA:24,1,0,11
BRDA:24,1,1,2
BRF:2
BRH:2
end_of_record
TN:
SF:/home/ubuntu/workspace/testing_npm_module_marreA/oop-ale-ivan/src/stretchcell.js
FN:13,(anonymous_1)
FN:26,(anonymous_2)
FN:33,(anonymous_3)
FN:42,(anonymous_4)
FNF:4
FNH:4
FNDA:2,(anonymous_1)
FNDA:2,(anonymous_2)
FNDA:1,(anonymous_3)
FNDA:2,(anonymous_4)
DA:1,1
DA:14,2
DA:15,0
DA:17,2
DA:19,2
DA:20,2
DA:27,2
DA:34,1
DA:43,2
DA:46,1
DA:47,1
DA:48,1
LF:12
LH:11
BRDA:14,1,0,0
BRDA:14,1,1,2
BRF:2
BRH:1
end_of_record
TN:
SF:/home/ubuntu/workspace/testing_npm_module_marreA/oop-ale-ivan/src/Tabla.js
FN:7,(anonymous_1)
FN:8,(anonymous_2)
FN:15,(anonymous_3)
FN:16,(anonymous_4)
FN:24,(anonymous_5)
FN:25,(anonymous_6)
FN:31,(anonymous_7)
FN:32,(anonymous_8)
FN:45,(anonymous_9)
FN:51,(anonymous_10)
FN:54,(anonymous_11)
FNF:11
FNH:11
FNDA:3,(anonymous_1)
FNDA:27,(anonymous_2)
FNDA:9,(anonymous_3)
FNDA:27,(anonymous_4)
FNDA:6,(anonymous_5)
FNDA:18,(anonymous_6)
FNDA:16,(anonymous_7)
FNDA:48,(anonymous_8)
FNDA:36,(anonymous_9)
FNDA:27,(anonymous_10)
FNDA:12,(anonymous_11)
DA:1,1
DA:2,1
DA:3,1
DA:4,1
DA:5,1
DA:6,1
DA:7,1
DA:8,3
DA:9,27
DA:14,1
DA:15,1
DA:16,9
DA:17,27
DA:22,1
DA:23,2
DA:24,2
DA:25,6
DA:26,18
DA:30,2
DA:31,2
DA:32,16
DA:33,48
DA:34,48
DA:35,48
DA:38,2
DA:41,1
DA:42,1
DA:43,1
DA:44,1
DA:45,12
DA:46,36
DA:50,1
DA:51,9
DA:52,27
DA:54,9
DA:55,12
DA:58,1
DA:60,1
LF:38
LH:38
BRF:0
BRH:0
end_of_record
