TN:
SF:D:\Universidad\Máster Informática\Segundo\Computacion Avanzada\oop-ale-ivan\src\textcell.js
FN:2,(anonymous_1)
FN:11,(anonymous_2)
FN:14,(anonymous_3)
FN:17,(anonymous_4)
FN:20,(anonymous_5)
FN:23,(anonymous_6)
FN:28,(anonymous_7)
FN:31,(anonymous_8)
FN:38,(anonymous_9)
FNF:9
FNH:9
FNDA:4,(anonymous_1)
FNDA:7,(anonymous_2)
FNDA:2,(anonymous_3)
FNDA:2,(anonymous_4)
FNDA:1,(anonymous_5)
FNDA:4,(anonymous_6)
FNDA:7,(anonymous_7)
FNDA:16,(anonymous_8)
FNDA:2,(anonymous_9)
DA:3,4
DA:5,1
DA:7,3
DA:8,3
DA:9,3
DA:12,7
DA:15,2
DA:18,2
DA:21,1
DA:24,4
DA:25,4
DA:29,7
DA:32,16
DA:33,16
DA:34,15
DA:36,16
DA:39,2
DA:40,2
DA:41,14
DA:42,14
DA:44,2
DA:48,1
LF:22
LH:22
BRDA:3,1,0,1
BRDA:3,1,1,3
BRDA:3,2,0,4
BRDA:3,2,1,1
BRDA:3,2,2,1
BRDA:41,3,0,14
BRDA:41,3,1,0
BRF:7
BRH:6
end_of_record
TN:
SF:D:\Universidad\Máster Informática\Segundo\Computacion Avanzada\oop-ale-ivan\src\underlinedcell.js
FN:3,(anonymous_1)
FN:7,(anonymous_2)
FN:11,(anonymous_3)
FNF:3
FNH:3
FNDA:1,(anonymous_1)
FNDA:2,(anonymous_2)
FNDA:1,(anonymous_3)
DA:1,1
DA:4,1
DA:8,2
DA:9,2
DA:12,1
DA:16,1
LF:6
LH:6
BRF:0
BRH:0
end_of_record
