{"C:\\wamp64\\www\\complejidad\\oop-ale-ivan\\src\\textcell.js":{"path":"C:\\wamp64\\www\\complejidad\\oop-ale-ivan\\src\\textcell.js","s":{"1":72,"2":1,"3":71,"4":71,"5":71,"6":125,"7":20,"8":38,"9":1,"10":34,"11":36,"12":40,"13":53,"14":53,"15":204,"16":53,"17":21,"18":21,"19":37,"20":37,"21":21,"22":1},"b":{"1":[1,71],"2":[72,19,19],"3":[37,2]},"f":{"1":72,"2":125,"3":20,"4":38,"5":1,"6":34,"7":40,"8":53,"9":21},"fnMap":{"1":{"name":"(anonymous_1)","line":3,"loc":{"start":{"line":3,"column":13},"end":{"line":3,"column":32}}},"2":{"name":"(anonymous_2)","line":12,"loc":{"start":{"line":12,"column":17},"end":{"line":12,"column":20}}},"3":{"name":"(anonymous_3)","line":15,"loc":{"start":{"line":15,"column":19},"end":{"line":15,"column":22}}},"4":{"name":"(anonymous_4)","line":18,"loc":{"start":{"line":18,"column":18},"end":{"line":18,"column":21}}},"5":{"name":"(anonymous_5)","line":21,"loc":{"start":{"line":21,"column":24},"end":{"line":21,"column":27}}},"6":{"name":"(anonymous_6)","line":24,"loc":{"start":{"line":24,"column":14},"end":{"line":24,"column":17}}},"7":{"name":"(anonymous_7)","line":29,"loc":{"start":{"line":29,"column":15},"end":{"line":29,"column":18}}},"8":{"name":"(anonymous_8)","line":32,"loc":{"start":{"line":32,"column":8},"end":{"line":32,"column":24}}},"9":{"name":"(anonymous_9)","line":39,"loc":{"start":{"line":39,"column":6},"end":{"line":39,"column":22}}}},"statementMap":{"1":{"start":{"line":4,"column":4},"end":{"line":7,"column":5}},"2":{"start":{"line":6,"column":6},"end":{"line":6,"column":44}},"3":{"start":{"line":8,"column":4},"end":{"line":8,"column":21}},"4":{"start":{"line":9,"column":4},"end":{"line":9,"column":23}},"5":{"start":{"line":10,"column":4},"end":{"line":10,"column":33}},"6":{"start":{"line":13,"column":4},"end":{"line":13,"column":14}},"7":{"start":{"line":16,"column":4},"end":{"line":16,"column":13}},"8":{"start":{"line":19,"column":4},"end":{"line":19,"column":13}},"9":{"start":{"line":22,"column":4},"end":{"line":22,"column":64}},"10":{"start":{"line":25,"column":4},"end":{"line":27,"column":10}},"11":{"start":{"line":26,"column":6},"end":{"line":26,"column":42}},"12":{"start":{"line":30,"column":4},"end":{"line":30,"column":28}},"13":{"start":{"line":33,"column":4},"end":{"line":33,"column":20}},"14":{"start":{"line":34,"column":4},"end":{"line":36,"column":5}},"15":{"start":{"line":35,"column":6},"end":{"line":35,"column":23}},"16":{"start":{"line":37,"column":4},"end":{"line":37,"column":18}},"17":{"start":{"line":40,"column":4},"end":{"line":40,"column":20}},"18":{"start":{"line":41,"column":4},"end":{"line":44,"column":5}},"19":{"start":{"line":42,"column":6},"end":{"line":42,"column":37}},"20":{"start":{"line":43,"column":6},"end":{"line":43,"column":64}},"21":{"start":{"line":45,"column":4},"end":{"line":45,"column":18}},"22":{"start":{"line":49,"column":0},"end":{"line":49,"column":26}}},"branchMap":{"1":{"line":4,"type":"if","locations":[{"start":{"line":4,"column":4},"end":{"line":4,"column":4}},{"start":{"line":4,"column":4},"end":{"line":4,"column":4}}]},"2":{"line":4,"type":"binary-expr","locations":[{"start":{"line":4,"column":7},"end":{"line":4,"column":30}},{"start":{"line":4,"column":34},"end":{"line":4,"column":59}},{"start":{"line":5,"column":9},"end":{"line":5,"column":33}}]},"3":{"line":42,"type":"binary-expr","locations":[{"start":{"line":42,"column":17},"end":{"line":42,"column":29}},{"start":{"line":42,"column":33},"end":{"line":42,"column":36}}]}}},"C:\\wamp64\\www\\complejidad\\oop-ale-ivan\\src\\underlinedcell.js":{"path":"C:\\wamp64\\www\\complejidad\\oop-ale-ivan\\src\\underlinedcell.js","s":{"1":1,"2":19,"3":5,"4":5,"5":4,"6":1},"b":{},"f":{"1":19,"2":5,"3":4},"fnMap":{"1":{"name":"(anonymous_1)","line":3,"loc":{"start":{"line":3,"column":13},"end":{"line":3,"column":27}}},"2":{"name":"(anonymous_2)","line":7,"loc":{"start":{"line":7,"column":15},"end":{"line":7,"column":18}}},"3":{"name":"(anonymous_3)","line":11,"loc":{"start":{"line":11,"column":6},"end":{"line":11,"column":22}}}},"statementMap":{"1":{"start":{"line":1,"column":0},"end":{"line":1,"column":42}},"2":{"start":{"line":4,"column":4},"end":{"line":4,"column":37}},"3":{"start":{"line":8,"column":4},"end":{"line":8,"column":33}},"4":{"start":{"line":9,"column":4},"end":{"line":9,"column":31}},"5":{"start":{"line":12,"column":4},"end":{"line":12,"column":76}},"6":{"start":{"line":16,"column":0},"end":{"line":16,"column":32}}},"branchMap":{}},"C:\\wamp64\\www\\complejidad\\oop-ale-ivan\\src\\rtextcell.js":{"path":"C:\\wamp64\\www\\complejidad\\oop-ale-ivan\\src\\rtextcell.js","s":{"1":1,"2":17,"3":9,"4":9,"5":11,"6":11,"7":9,"8":1},"b":{"1":[11,2]},"f":{"1":17,"2":9},"fnMap":{"1":{"name":"(anonymous_1)","line":4,"loc":{"start":{"line":4,"column":13},"end":{"line":4,"column":20}}},"2":{"name":"(anonymous_2)","line":8,"loc":{"start":{"line":8,"column":6},"end":{"line":8,"column":22}}}},"statementMap":{"1":{"start":{"line":1,"column":0},"end":{"line":1,"column":42}},"2":{"start":{"line":5,"column":4},"end":{"line":5,"column":42}},"3":{"start":{"line":9,"column":4},"end":{"line":9,"column":20}},"4":{"start":{"line":10,"column":4},"end":{"line":13,"column":5}},"5":{"start":{"line":11,"column":6},"end":{"line":11,"column":36}},"6":{"start":{"line":12,"column":6},"end":{"line":12,"column":65}},"7":{"start":{"line":14,"column":4},"end":{"line":14,"column":18}},"8":{"start":{"line":18,"column":0},"end":{"line":18,"column":27}}},"branchMap":{"1":{"line":11,"type":"binary-expr","locations":[{"start":{"line":11,"column":17},"end":{"line":11,"column":29}},{"start":{"line":11,"column":33},"end":{"line":11,"column":35}}]}}}}