TN:
SF:C:\wamp64\www\complejidad\oop-ale-ivan\src\textcell.js
FN:3,(anonymous_1)
FN:12,(anonymous_2)
FN:15,(anonymous_3)
FN:18,(anonymous_4)
FN:21,(anonymous_5)
FN:24,(anonymous_6)
FN:29,(anonymous_7)
FN:32,(anonymous_8)
FN:39,(anonymous_9)
FNF:9
FNH:9
FNDA:72,(anonymous_1)
FNDA:125,(anonymous_2)
FNDA:20,(anonymous_3)
FNDA:38,(anonymous_4)
FNDA:1,(anonymous_5)
FNDA:34,(anonymous_6)
FNDA:40,(anonymous_7)
FNDA:53,(anonymous_8)
FNDA:21,(anonymous_9)
DA:4,72
DA:6,1
DA:8,71
DA:9,71
DA:10,71
DA:13,125
DA:16,20
DA:19,38
DA:22,1
DA:25,34
DA:26,36
DA:30,40
DA:33,53
DA:34,53
DA:35,204
DA:37,53
DA:40,21
DA:41,21
DA:42,37
DA:43,37
DA:45,21
DA:49,1
LF:22
LH:22
BRDA:4,1,0,1
BRDA:4,1,1,71
BRDA:4,2,0,72
BRDA:4,2,1,19
BRDA:4,2,2,19
BRDA:42,3,0,37
BRDA:42,3,1,2
BRF:7
BRH:7
end_of_record
TN:
SF:C:\wamp64\www\complejidad\oop-ale-ivan\src\underlinedcell.js
FN:3,(anonymous_1)
FN:7,(anonymous_2)
FN:11,(anonymous_3)
FNF:3
FNH:3
FNDA:19,(anonymous_1)
FNDA:5,(anonymous_2)
FNDA:4,(anonymous_3)
DA:1,1
DA:4,19
DA:8,5
DA:9,5
DA:12,4
DA:16,1
LF:6
LH:6
BRF:0
BRH:0
end_of_record
TN:
SF:C:\wamp64\www\complejidad\oop-ale-ivan\src\rtextcell.js
FN:4,(anonymous_1)
FN:8,(anonymous_2)
FNF:2
FNH:2
FNDA:17,(anonymous_1)
FNDA:9,(anonymous_2)
DA:1,1
DA:5,17
DA:9,9
DA:10,9
DA:11,11
DA:12,11
DA:14,9
DA:18,1
LF:8
LH:8
BRDA:11,1,0,11
BRDA:11,1,1,2
BRF:2
BRH:2
end_of_record
