TN:
SF:C:\wamp64\www\complejidad\oop-ale-ivan\src\textcell.js
FN:2,(anonymous_1)
FN:10,(anonymous_2)
FN:13,(anonymous_3)
FN:16,(anonymous_4)
FN:19,(anonymous_5)
FN:22,(anonymous_6)
FN:27,(anonymous_7)
FN:30,(anonymous_8)
FN:36,(anonymous_9)
FNF:9
FNH:9
FNDA:4,(anonymous_1)
FNDA:7,(anonymous_2)
FNDA:2,(anonymous_3)
FNDA:2,(anonymous_4)
FNDA:1,(anonymous_5)
FNDA:4,(anonymous_6)
FNDA:7,(anonymous_7)
FNDA:16,(anonymous_8)
FNDA:2,(anonymous_9)
DA:3,4
DA:5,1
DA:6,3
DA:7,3
DA:8,3
DA:11,7
DA:14,2
DA:17,2
DA:20,1
DA:23,4
DA:24,4
DA:28,7
DA:31,16
DA:32,16
DA:33,15
DA:34,16
DA:37,2
DA:38,2
DA:39,14
DA:40,14
DA:42,2
DA:46,1
LF:22
LH:22
BRDA:3,1,0,1
BRDA:3,1,1,3
BRDA:3,2,0,4
BRDA:3,2,1,1
BRDA:3,2,2,1
BRDA:39,3,0,14
BRDA:39,3,1,0
BRF:7
BRH:6
end_of_record
TN:
SF:C:\wamp64\www\complejidad\oop-ale-ivan\src\underlinedcell.js
FN:3,(anonymous_1)
FN:6,(anonymous_2)
FN:10,(anonymous_3)
FNF:3
FNH:3
FNDA:1,(anonymous_1)
FNDA:2,(anonymous_2)
FNDA:1,(anonymous_3)
DA:1,1
DA:4,1
DA:7,2
DA:8,2
DA:11,1
DA:15,1
LF:6
LH:6
BRF:0
BRH:0
end_of_record
